2024-03-04 18:08:41,548 - INFO - Opening WhatsApp application
2024-03-04 18:08:43,653 - INFO - WhatsApp application opened successfully
2024-03-04 18:08:43,653 - INFO - Clicking on coordinate (1408, 988) 1 times - Before starting action
2024-03-04 18:08:44,266 - INFO - Clicking completed
2024-03-04 18:08:44,266 - INFO - Clicking on coordinate (1359, 990) 1 times - Clicking on first coordinate
2024-03-04 18:08:44,867 - INFO - Clicking completed
2024-03-04 18:08:44,867 - INFO - Clicking on coordinate (1347, 792) 1 times - Clicking on second coordinate
2024-03-04 18:08:45,474 - INFO - Clicking completed
2024-03-04 18:08:45,474 - INFO - Clicking on coordinate (1347, 792) 2 times - Double clicking on second coordinate
2024-03-04 18:08:46,695 - INFO - Clicking completed
2024-03-04 18:08:48,698 - INFO - Pressing Enter key
2024-03-04 18:08:49,808 - INFO - Enter key pressed
2024-03-04 18:08:50,816 - INFO - Clicking on coordinate (770, 491) 2 times - Double clicking on final coordinate
2024-03-04 18:08:52,042 - INFO - Clicking completed
2024-03-04 18:08:52,042 - INFO - Clicking on coordinate (1408, 988) 1 times - Before starting action
2024-03-04 18:08:52,658 - INFO - Clicking completed
2024-03-04 18:08:52,658 - INFO - Clicking on coordinate (1359, 990) 1 times - Clicking on first coordinate
2024-03-04 18:08:53,263 - INFO - Clicking completed
2024-03-04 18:08:53,264 - INFO - Clicking on coordinate (1347, 792) 1 times - Clicking on second coordinate
2024-03-04 18:08:53,881 - INFO - Clicking completed
2024-03-04 18:08:53,881 - INFO - Clicking on coordinate (1347, 792) 2 times - Double clicking on second coordinate
2024-03-04 18:08:55,107 - INFO - Clicking completed
2024-03-04 18:08:57,108 - INFO - Pressing Enter key
2024-03-04 18:08:58,221 - INFO - Enter key pressed
2024-03-04 18:08:59,226 - INFO - Clicking on coordinate (770, 491) 2 times - Double clicking on final coordinate
2024-03-04 18:09:00,453 - INFO - Clicking completed
2024-03-04 18:11:54,004 - INFO - Clicking on coordinate (1347, 792) 1 times - Clicking on second coordinate
2024-03-04 18:11:54,612 - INFO - Clicking completed
2024-03-04 18:11:54,612 - INFO - Clicking on coordinate (1408, 988) 2 times - Double clicking on additional coordinate
2024-03-04 18:11:55,828 - INFO - Clicking completed
2024-03-04 18:11:57,842 - INFO - Pressing Enter key
2024-03-04 18:11:58,955 - INFO - Enter key pressed
2024-03-04 18:11:59,962 - INFO - Clicking on coordinate (770, 491) 2 times - Double clicking on final coordinate
2024-03-04 18:12:01,175 - INFO - Clicking completed
2024-03-04 18:12:01,175 - INFO - Clicking on coordinate (1347, 792) 1 times - Clicking on second coordinate
2024-03-04 18:12:01,785 - INFO - Clicking completed
2024-03-04 18:12:01,785 - INFO - Clicking on coordinate (1408, 988) 2 times - Double clicking on additional coordinate
2024-03-04 18:12:02,995 - INFO - Clicking completed
